Determining if the pthread_create exist failed with the following output:
Change Dir: /home/ubuntu/Scrivania/AdvancedComputerArchitecture/FloydWarshall/build/CMakeFiles/CMakeTmp

Run Build Command:"/usr/bin/make" "cmTC_d2b21/fast"
/usr/bin/make -f CMakeFiles/cmTC_d2b21.dir/build.make CMakeFiles/cmTC_d2b21.dir/build
make[1]: ingresso nella directory "/home/ubuntu/Scrivania/AdvancedComputerArchitecture/FloydWarshall/build/CMakeFiles/CMakeTmp"
Building CXX object CMakeFiles/cmTC_d2b21.dir/CheckSymbolExists.cxx.o
/usr/bin/c++     -o CMakeFiles/cmTC_d2b21.dir/CheckSymbolExists.cxx.o -c /home/ubuntu/Scrivania/AdvancedComputerArchitecture/FloydWarshall/build/CMakeFiles/CMakeTmp/CheckSymbolExists.cxx
Linking CXX executable cmTC_d2b21
/usr/bin/cmake -E cmake_link_script CMakeFiles/cmTC_d2b21.dir/link.txt --verbose=1
/usr/bin/c++       CMakeFiles/cmTC_d2b21.dir/CheckSymbolExists.cxx.o  -o cmTC_d2b21 
CMakeFiles/cmTC_d2b21.dir/CheckSymbolExists.cxx.o: nella funzione "main":
CheckSymbolExists.cxx:(.text+0x1b): riferimento non definito a "pthread_create"
collect2: error: ld returned 1 exit status
CMakeFiles/cmTC_d2b21.dir/build.make:97: recipe for target 'cmTC_d2b21' failed
make[1]: *** [cmTC_d2b21] Error 1
make[1]: uscita dalla directory "/home/ubuntu/Scrivania/AdvancedComputerArchitecture/FloydWarshall/build/CMakeFiles/CMakeTmp"
Makefile:126: recipe for target 'cmTC_d2b21/fast' failed
make: *** [cmTC_d2b21/fast] Error 2

File /home/ubuntu/Scrivania/AdvancedComputerArchitecture/FloydWarshall/build/CMakeFiles/CMakeTmp/CheckSymbolExists.cxx:
/* */
#include <pthread.h>

int main(int argc, char** argv)
{
  (void)argv;
#ifndef pthread_create
  return ((int*)(&pthread_create))[argc];
#else
  (void)argc;
  return 0;
#endif
}

Determining if the function pthread_create exists in the pthreads failed with the following output:
Change Dir: /home/ubuntu/Scrivania/AdvancedComputerArchitecture/FloydWarshall/build/CMakeFiles/CMakeTmp

Run Build Command:"/usr/bin/make" "cmTC_30904/fast"
/usr/bin/make -f CMakeFiles/cmTC_30904.dir/build.make CMakeFiles/cmTC_30904.dir/build
make[1]: ingresso nella directory "/home/ubuntu/Scrivania/AdvancedComputerArchitecture/FloydWarshall/build/CMakeFiles/CMakeTmp"
Building CXX object CMakeFiles/cmTC_30904.dir/CheckFunctionExists.cxx.o
/usr/bin/c++    -DCHECK_FUNCTION_EXISTS=pthread_create   -o CMakeFiles/cmTC_30904.dir/CheckFunctionExists.cxx.o -c /home/ubuntu/Scrivania/AdvancedComputerArchitecture/FloydWarshall/build/CMakeFiles/CheckLibraryExists/CheckFunctionExists.cxx
Linking CXX executable cmTC_30904
/usr/bin/cmake -E cmake_link_script CMakeFiles/cmTC_30904.dir/link.txt --verbose=1
/usr/bin/c++   -DCHECK_FUNCTION_EXISTS=pthread_create    CMakeFiles/cmTC_30904.dir/CheckFunctionExists.cxx.o  -o cmTC_30904 -lpthreads 
/usr/bin/ld: impossibile trovare -lpthreads
collect2: error: ld returned 1 exit status
CMakeFiles/cmTC_30904.dir/build.make:97: recipe for target 'cmTC_30904' failed
make[1]: *** [cmTC_30904] Error 1
make[1]: uscita dalla directory "/home/ubuntu/Scrivania/AdvancedComputerArchitecture/FloydWarshall/build/CMakeFiles/CMakeTmp"
Makefile:126: recipe for target 'cmTC_30904/fast' failed
make: *** [cmTC_30904/fast] Error 2


